<?xml version="1.0" encoding="UTF-8"?>
<!-- Generated by org.testng.reporters.JUnitXMLReporter -->
<testsuite ignored="0" hostname="HOISL_SANDUNJ" failures="0" tests="3" name="personal loan" time="0.103" errors="0" timestamp="2024-11-21T13:02:38 IST">
  <testcase classname="testng.testngtest" name="multipletestcase" time="0.01"/>
  <testcase classname="testng.testngtest" name="printtestng" time="0.002"/>
  <testcase classname="testng.testngtest02" name="tesnng03" time="0.003"/>
</testsuite> <!-- personal loan -->
