<?xml version="1.0" encoding="UTF-8"?>
<!-- Generated by org.testng.reporters.JUnitXMLReporter -->
<testsuite ignored="0" hostname="HOISL_SANDUNJ" failures="0" tests="3" name="personal loan" time="0.049" errors="0" timestamp="2024-11-21T13:31:07 IST">
  <testcase classname="testng.testngtest" name="multipletestcase" time="0.011"/>
  <testcase classname="testng.testngtest" name="printtestng" time="0.0"/>
  <testcase classname="testng.testngtest02" name="tesnng03" time="0.001"/>
</testsuite> <!-- personal loan -->
