<?xml version="1.0" encoding="UTF-8"?>
<!-- Generated by org.testng.reporters.JUnitXMLReporter -->
<testsuite ignored="0" hostname="HOISL_SANDUNJ" failures="0" tests="3" name="personal loan" time="0.115" errors="0" timestamp="2024-12-09T17:32:11 IST">
  <testcase classname="testng.testngtest" name="multipletestcase" time="0.021"/>
  <testcase classname="testng.testngtest" name="printtestng" time="0.015"/>
  <testcase classname="testng.testngtest02" name="tesnng03" time="0.001"/>
</testsuite> <!-- personal loan -->
