<?xml version="1.0" encoding="UTF-8"?>
<testng-results ignored="0" total="5" passed="5" failed="0" skipped="0">
  <reporter-output>
  </reporter-output>
  <suite started-at="2024-12-09T17:32:11 IST" name="loan department" finished-at="2024-12-09T17:32:11 IST" duration-ms="231">
    <groups>
    </groups>
    <test started-at="2024-12-09T17:32:11 IST" name="personal loan" finished-at="2024-12-09T17:32:11 IST" duration-ms="115">
      <class name="testng.testngtest">
        <test-method signature="multipletestcase()[pri:0, instance:testng.testngtest@316bcf94]" started-at="2024-12-09T17:32:11 IST" name="multipletestcase" finished-at="2024-12-09T17:32:11 IST" duration-ms="21" status="PASS">
          <reporter-output>
          </reporter-output>
        </test-method> <!-- multipletestcase -->
        <test-method signature="printtestng()[pri:0, instance:testng.testngtest@316bcf94]" started-at="2024-12-09T17:32:11 IST" name="printtestng" finished-at="2024-12-09T17:32:11 IST" duration-ms="15" status="PASS">
          <reporter-output>
          </reporter-output>
        </test-method> <!-- printtestng -->
      </class> <!-- testng.testngtest -->
      <class name="testng.testngtest02">
        <test-method signature="tesnng03()[pri:0, instance:testng.testngtest02@6253c26]" started-at="2024-12-09T17:32:11 IST" name="tesnng03" finished-at="2024-12-09T17:32:11 IST" duration-ms="1" status="PASS">
          <reporter-output>
          </reporter-output>
        </test-method> <!-- tesnng03 -->
      </class> <!-- testng.testngtest02 -->
    </test> <!-- personal loan -->
    <test started-at="2024-12-09T17:32:11 IST" name="carloan" finished-at="2024-12-09T17:32:11 IST" duration-ms="12">
      <class name="testng.testngtest03">
        <test-method signature="carloan_01()[pri:0, instance:testng.testngtest03@6892b3b6]" started-at="2024-12-09T17:32:11 IST" name="carloan_01" finished-at="2024-12-09T17:32:11 IST" duration-ms="1" status="PASS">
          <reporter-output>
          </reporter-output>
        </test-method> <!-- carloan_01 -->
        <test-method signature="vanloan_02()[pri:0, instance:testng.testngtest03@6892b3b6]" started-at="2024-12-09T17:32:11 IST" name="vanloan_02" finished-at="2024-12-09T17:32:11 IST" duration-ms="2" status="PASS">
          <reporter-output>
          </reporter-output>
        </test-method> <!-- vanloan_02 -->
      </class> <!-- testng.testngtest03 -->
    </test> <!-- carloan -->
  </suite> <!-- loan department -->
</testng-results>
