<?xml version="1.0" encoding="UTF-8"?>
<testng-results ignored="0" total="2" passed="2" failed="0" skipped="0">
  <reporter-output>
  </reporter-output>
  <suite started-at="2024-12-09T12:39:38 IST" name="Default suite" finished-at="2024-12-09T12:39:38 IST" duration-ms="52">
    <groups>
    </groups>
    <test started-at="2024-12-09T12:39:38 IST" name="Default test" finished-at="2024-12-09T12:39:38 IST" duration-ms="52">
      <class name="testng.testngtest">
        <test-method signature="multipletestcase()[pri:0, instance:testng.testngtest@ffaa6af]" started-at="2024-12-09T12:39:38 IST" name="multipletestcase" finished-at="2024-12-09T12:39:38 IST" duration-ms="8" status="PASS">
          <reporter-output>
          </reporter-output>
        </test-method> <!-- multipletestcase -->
        <test-method signature="printtestng()[pri:0, instance:testng.testngtest@ffaa6af]" started-at="2024-12-09T12:39:38 IST" name="printtestng" finished-at="2024-12-09T12:39:38 IST" duration-ms="1" status="PASS">
          <reporter-output>
          </reporter-output>
        </test-method> <!-- printtestng -->
      </class> <!-- testng.testngtest -->
    </test> <!-- Default test -->
  </suite> <!-- Default suite -->
</testng-results>
